<?xml version="1.0" encoding="UTF-8"?>
<!-- Generated by org.testng.reporters.JUnitReportReporter -->
<testsuite skipped="0" hostname="Chandan" name="com.TestNGScript.file.JDBC_UpdateData" tests="1" failures="0" timestamp="15 Oct 2019 07:02:57 GMT" time="0.250" errors="0">
  <testcase name="testPostgresDB" time="0.250" classname="com.TestNGScript.file.JDBC_UpdateData"/>
</testsuite> <!-- com.TestNGScript.file.JDBC_UpdateData -->
