<?xml version="1.0" encoding="UTF-8"?>
<!-- Generated by org.testng.reporters.JUnitReportReporter -->
<testsuite skipped="0" hostname="Chandan" name="com.TestNGScript.file.SK_LA_HomePage" tests="1" failures="0" timestamp="11 Jun 2020 07:44:03 GMT" time="108.950" errors="0">
  <testcase name="verifyReport" time="108.950" classname="com.TestNGScript.file.SK_LA_HomePage"/>
</testsuite> <!-- com.TestNGScript.file.SK_LA_HomePage -->
