<?xml version="1.0" encoding="UTF-8"?>
<!-- Generated by org.testng.reporters.JUnitReportReporter -->
<testsuite skipped="0" hostname="Chandan" name="com.TestNGScript.file.SK_Observer_OpenIncident" tests="1" failures="0" timestamp="05 May 2020 05:42:57 GMT" time="139.613" errors="0">
  <testcase name="launchSafetyApp" time="139.613" classname="com.TestNGScript.file.SK_Observer_OpenIncident"/>
</testsuite> <!-- com.TestNGScript.file.SK_Observer_OpenIncident -->
