<?xml version="1.0" encoding="UTF-8"?>
<!-- Generated by org.testng.reporters.JUnitReportReporter -->
<testsuite skipped="0" hostname="Chandan" name="com.TestNGScript.file.SK_SA_OrganizationList" tests="1" failures="0" timestamp="28 Mar 2020 05:10:46 GMT" time="92.339" errors="0">
  <testcase name="TestOrganizationPage" time="92.339" classname="com.TestNGScript.file.SK_SA_OrganizationList"/>
</testsuite> <!-- com.TestNGScript.file.SK_SA_OrganizationList -->
