<?xml version="1.0" encoding="UTF-8"?>
<!-- Generated by org.testng.reporters.JUnitReportReporter -->
<testsuite skipped="0" hostname="Chandan" name="com.TestNGScript.file.SK_LA_VisitorPasses" tests="2" failures="0" timestamp="11 Jun 2020 07:44:03 GMT" time="253.321" errors="0">
  <testcase name="MangaeVisitorPasses" time="149.521" classname="com.TestNGScript.file.SK_LA_VisitorPasses"/>
  <testcase name="IssueVisitorPass" time="103.800" classname="com.TestNGScript.file.SK_LA_VisitorPasses"/>
</testsuite> <!-- com.TestNGScript.file.SK_LA_VisitorPasses -->
