<?xml version="1.0" encoding="UTF-8"?>
<!-- Generated by org.testng.reporters.JUnitReportReporter -->
<testsuite skipped="0" hostname="Chandan" name="com.TestNGScript.file.TestReadExcel" tests="1" failures="0" timestamp="22 Feb 2019 13:32:55 GMT" time="0.706" errors="0">
  <testcase name="printExcelData" time="0.706" classname="com.TestNGScript.file.TestReadExcel"/>
</testsuite> <!-- com.TestNGScript.file.TestReadExcel -->
