<?xml version="1.0" encoding="UTF-8"?>
<!-- Generated by org.testng.reporters.JUnitReportReporter -->
<testsuite skipped="0" hostname="Chandan" name="com.TestNGScript.file.SK_SA_OrganizationList" tests="1" failures="0" timestamp="26 Feb 2020 06:43:24 GMT" time="60.585" errors="0">
  <testcase name="TestOrganizationPage" time="60.585" classname="com.TestNGScript.file.SK_SA_OrganizationList"/>
</testsuite> <!-- com.TestNGScript.file.SK_SA_OrganizationList -->
