<?xml version="1.0" encoding="UTF-8"?>
<!-- Generated by org.testng.reporters.JUnitReportReporter -->
<testsuite skipped="0" hostname="Chandan" name="com.TestNGScript.file.JDBC_CreateExpectedList" tests="1" failures="0" timestamp="22 Oct 2019 13:58:31 GMT" time="0.348" errors="0">
  <testcase name="testPostgresDB" time="0.348" classname="com.TestNGScript.file.JDBC_CreateExpectedList"/>
</testsuite> <!-- com.TestNGScript.file.JDBC_CreateExpectedList -->
