<?xml version="1.0" encoding="UTF-8"?>
<!-- Generated by org.testng.reporters.JUnitReportReporter -->
<testsuite skipped="0" hostname="Chandan" name="com.TestNGScript.file.SK_LA_ClosedIncident" tests="1" failures="0" timestamp="03 Apr 2020 06:36:58 GMT" time="176.526" errors="0">
  <testcase name="launchSafetyApp" time="176.526" classname="com.TestNGScript.file.SK_LA_ClosedIncident"/>
</testsuite> <!-- com.TestNGScript.file.SK_LA_ClosedIncident -->
