<?xml version="1.0" encoding="UTF-8"?>
<!-- Generated by org.testng.reporters.JUnitReportReporter -->
<testsuite skipped="0" hostname="Chandan" name="com.TestNGScript.file.LoginSKDataProvider" tests="4" failures="0" timestamp="30 Jul 2019 05:35:24 GMT" time="101.310" errors="0">
  <testcase name="loginSK" time="16.151" classname="com.TestNGScript.file.LoginSKDataProvider"/>
  <testcase name="loginSK" time="28.486" classname="com.TestNGScript.file.LoginSKDataProvider"/>
  <testcase name="loginSK" time="29.788" classname="com.TestNGScript.file.LoginSKDataProvider"/>
  <testcase name="loginSK" time="26.885" classname="com.TestNGScript.file.LoginSKDataProvider"/>
</testsuite> <!-- com.TestNGScript.file.LoginSKDataProvider -->
