<?xml version="1.0" encoding="UTF-8"?>
<!-- Generated by org.testng.reporters.JUnitReportReporter -->
<testsuite skipped="0" hostname="Chandan" name="com.TestNGScript.file.SafetyKuvrrShareIncident" tests="1" failures="0" timestamp="18 Nov 2019 13:30:21 GMT" time="111.180" errors="0">
  <testcase name="launchSafetyApp" time="111.180" classname="com.TestNGScript.file.SafetyKuvrrShareIncident"/>
</testsuite> <!-- com.TestNGScript.file.SafetyKuvrrShareIncident -->
