<?xml version="1.0" encoding="UTF-8"?>
<!-- Generated by org.testng.reporters.JUnitReportReporter -->
<testsuite skipped="0" hostname="Chandan" name="com.TestNGScript.file.HelloWorld" tests="1" failures="0" timestamp="18 Feb 2019 13:38:41 GMT" time="0.001" errors="0">
  <testcase name="typeHelloWorld" time="0.001" classname="com.TestNGScript.file.HelloWorld"/>
</testsuite> <!-- com.TestNGScript.file.HelloWorld -->
