<?xml version="1.0" encoding="UTF-8"?>
<!-- Generated by org.testng.reporters.JUnitReportReporter -->
<testsuite skipped="1" hostname="Chandan" name="com.TestNGScript.file.LoginSKDataProvider" tests="1" failures="0" timestamp="28 Sep 2019 11:52:09 GMT" time="0.000" errors="0">
  <testcase name="loginSK" time="0.000" classname="com.TestNGScript.file.LoginSKDataProvider">
    <skipped/>
  </testcase> <!-- loginSK -->
</testsuite> <!-- com.TestNGScript.file.LoginSKDataProvider -->
