<?xml version="1.0" encoding="UTF-8"?>
<!-- Generated by org.testng.reporters.JUnitReportReporter -->
<testsuite skipped="0" hostname="Chandan" name="com.TestNGScript.file.SK_LA_HomePage" tests="1" failures="0" timestamp="22 Jun 2020 07:43:15 GMT" time="155.495" errors="0">
  <testcase name="verifyReport" time="155.495" classname="com.TestNGScript.file.SK_LA_HomePage"/>
</testsuite> <!-- com.TestNGScript.file.SK_LA_HomePage -->
