<?xml version="1.0" encoding="UTF-8"?>
<!-- Generated by org.testng.reporters.JUnitReportReporter -->
<testsuite skipped="0" hostname="Chandan" name="com.TestNGScript.file.SK_LA_ManageTemplate" tests="1" failures="0" timestamp="01 Feb 2020 06:42:03 GMT" time="54.450" errors="0">
  <testcase name="launchSafetyApp" time="54.450" classname="com.TestNGScript.file.SK_LA_ManageTemplate"/>
</testsuite> <!-- com.TestNGScript.file.SK_LA_ManageTemplate -->
