<?xml version="1.0" encoding="UTF-8"?>
<!-- Generated by org.testng.reporters.JUnitReportReporter -->
<testsuite skipped="0" hostname="Chandan" name="com.TestNGScript.file.JDBC_CreateExpectedList" tests="1" failures="0" timestamp="20 Nov 2019 08:51:11 GMT" time="2.625" errors="0">
  <testcase name="testPostgresDB" time="2.625" classname="com.TestNGScript.file.JDBC_CreateExpectedList"/>
</testsuite> <!-- com.TestNGScript.file.JDBC_CreateExpectedList -->
