<?xml version="1.0" encoding="UTF-8"?>
<!-- Generated by org.testng.reporters.JUnitReportReporter -->
<testsuite skipped="0" hostname="Chandan" name="com.TestNGScript.file.CompareTwoExcelData" tests="1" failures="0" timestamp="24 Oct 2019 09:15:29 GMT" time="1.376" errors="0">
  <testcase name="testExcelData" time="1.376" classname="com.TestNGScript.file.CompareTwoExcelData"/>
</testsuite> <!-- com.TestNGScript.file.CompareTwoExcelData -->
