<?xml version="1.0" encoding="UTF-8"?>
<!-- Generated by org.testng.reporters.JUnitReportReporter -->
<testsuite skipped="0" hostname="Chandan" name="com.TestNGScript.file.SK_HomePage" tests="1" failures="0" timestamp="28 Nov 2019 05:47:13 GMT" time="40.007" errors="0">
  <testcase name="TestHambugerMenuClick" time="40.007" classname="com.TestNGScript.file.SK_HomePage"/>
</testsuite> <!-- com.TestNGScript.file.SK_HomePage -->
