<?xml version="1.0" encoding="UTF-8"?>
<!-- Generated by org.testng.reporters.JUnitReportReporter -->
<testsuite skipped="0" hostname="Chandan" name="com.TestNGScript.file.Amazon_Login" tests="1" failures="0" timestamp="20 Nov 2019 06:00:45 GMT" time="12.553" errors="0">
  <testcase name="TestLoginAmazon" time="12.553" classname="com.TestNGScript.file.Amazon_Login"/>
</testsuite> <!-- com.TestNGScript.file.Amazon_Login -->
