<?xml version="1.0" encoding="UTF-8"?>
<!-- Generated by org.testng.reporters.JUnitReportReporter -->
<testsuite skipped="0" hostname="Chandan" name="com.TestNGScript.file.JDBC_VerifyTotalRowCount" tests="1" failures="0" timestamp="16 Oct 2019 12:23:49 GMT" time="0.277" errors="0">
  <testcase name="testPostgresDB" time="0.277" classname="com.TestNGScript.file.JDBC_VerifyTotalRowCount"/>
</testsuite> <!-- com.TestNGScript.file.JDBC_VerifyTotalRowCount -->
