<?xml version="1.0" encoding="UTF-8"?>
<!-- Generated by org.testng.reporters.JUnitReportReporter -->
<testsuite skipped="0" hostname="Chandan" name="com.TestNGScript.file.SK_ShareIncident" tests="1" failures="0" timestamp="19 Nov 2019 06:46:25 GMT" time="90.748" errors="0">
  <testcase name="launchSafetyApp" time="90.748" classname="com.TestNGScript.file.SK_ShareIncident"/>
</testsuite> <!-- com.TestNGScript.file.SK_ShareIncident -->
