<?xml version="1.0" encoding="UTF-8"?>
<!-- Generated by org.testng.reporters.JUnitReportReporter -->
<testsuite skipped="0" hostname="Chandan" name="com.TestNGScript.file.SK_LA_VisitorPasses" tests="2" failures="0" timestamp="20 May 2020 09:00:50 GMT" time="286.171" errors="0">
  <testcase name="MangaeVisitorPasses" time="156.317" classname="com.TestNGScript.file.SK_LA_VisitorPasses"/>
  <testcase name="IssueVisitorPass" time="129.854" classname="com.TestNGScript.file.SK_LA_VisitorPasses"/>
</testsuite> <!-- com.TestNGScript.file.SK_LA_VisitorPasses -->
