<?xml version="1.0" encoding="UTF-8"?>
<!-- Generated by org.testng.reporters.JUnitReportReporter -->
<testsuite skipped="0" hostname="Chandan" name="com.TestNGScript.file.SK_LA_ManageVisitorPassType" tests="1" failures="0" timestamp="27 Jan 2020 05:46:03 GMT" time="118.192" errors="0">
  <testcase name="launchSafetyApp" time="118.192" classname="com.TestNGScript.file.SK_LA_ManageVisitorPassType"/>
</testsuite> <!-- com.TestNGScript.file.SK_LA_ManageVisitorPassType -->
