<?xml version="1.0" encoding="UTF-8"?>
<!-- Generated by org.testng.reporters.JUnitReportReporter -->
<testsuite skipped="0" hostname="Chandan" name="com.TestNGScript.file.SK_HomePage" tests="1" failures="0" timestamp="06 Dec 2019 05:57:45 GMT" time="68.014" errors="0">
  <testcase name="TestHambugerMenuClick" time="68.014" classname="com.TestNGScript.file.SK_HomePage"/>
</testsuite> <!-- com.TestNGScript.file.SK_HomePage -->
