<?xml version="1.0" encoding="UTF-8"?>
<!-- Generated by org.testng.reporters.JUnitReportReporter -->
<testsuite skipped="0" hostname="Chandan" name="com.TestNGScript.file.HomeAmazon" tests="3" failures="0" timestamp="28 Sep 2019 12:01:43 GMT" time="57.524" errors="0">
  <testcase name="TestHomePageTitle" time="18.094" classname="com.TestNGScript.file.HomeAmazon"/>
  <testcase name="TestAmazonLogo" time="17.266" classname="com.TestNGScript.file.HomeAmazon"/>
  <testcase name="TestAmazonSell" time="22.164" classname="com.TestNGScript.file.HomeAmazon"/>
</testsuite> <!-- com.TestNGScript.file.HomeAmazon -->
