<?xml version="1.0" encoding="UTF-8"?>
<!-- Generated by org.testng.reporters.JUnitReportReporter -->
<testsuite skipped="0" hostname="Chandan" name="com.TestNGScript.file.JDBC_SelectData" tests="1" failures="0" timestamp="16 Oct 2019 08:45:23 GMT" time="0.302" errors="0">
  <testcase name="testPostgresDB" time="0.302" classname="com.TestNGScript.file.JDBC_SelectData"/>
</testsuite> <!-- com.TestNGScript.file.JDBC_SelectData -->
