<?xml version="1.0" encoding="UTF-8"?>
<!-- Generated by org.testng.reporters.JUnitReportReporter -->
<testsuite skipped="0" hostname="Chandan" name="com.TestNGScript.file.JDBC_VerifyEmailData" tests="1" failures="0" timestamp="16 Oct 2019 09:16:31 GMT" time="0.257" errors="0">
  <testcase name="testPostgresDB" time="0.257" classname="com.TestNGScript.file.JDBC_VerifyEmailData"/>
</testsuite> <!-- com.TestNGScript.file.JDBC_VerifyEmailData -->
