<?xml version="1.0" encoding="UTF-8"?>
<!-- Generated by org.testng.reporters.JUnitReportReporter -->
<testsuite skipped="0" hostname="Chandan" name="com.TestNGScript.file.JDBC_ExportDB_ExcelSheet" tests="1" failures="0" timestamp="05 Nov 2019 06:16:03 GMT" time="8.445" errors="0">
  <testcase name="ExportDBtoExcel" time="8.445" classname="com.TestNGScript.file.JDBC_ExportDB_ExcelSheet"/>
</testsuite> <!-- com.TestNGScript.file.JDBC_ExportDB_ExcelSheet -->
