<?xml version="1.0" encoding="UTF-8"?>
<!-- Generated by org.testng.reporters.JUnitReportReporter -->
<testsuite skipped="0" hostname="Chandan" name="com.TestNGScript.file.LoginSafetyKuvrr" tests="1" failures="0" timestamp="27 Jul 2019 12:19:13 GMT" time="28.050" errors="0">
  <testcase name="loginSafetyKuvrr" time="28.050" classname="com.TestNGScript.file.LoginSafetyKuvrr"/>
</testsuite> <!-- com.TestNGScript.file.LoginSafetyKuvrr -->
