<?xml version="1.0" encoding="UTF-8"?>
<!-- Generated by org.testng.reporters.JUnitReportReporter -->
<testsuite skipped="0" hostname="Chandan" name="com.TestNGScript.file.SK_LA_CreateVisitorPassType" tests="1" failures="0" timestamp="06 Jan 2020 05:47:24 GMT" time="99.696" errors="0">
  <testcase name="launchSafetyApp" time="99.696" classname="com.TestNGScript.file.SK_LA_CreateVisitorPassType"/>
</testsuite> <!-- com.TestNGScript.file.SK_LA_CreateVisitorPassType -->
