<?xml version="1.0" encoding="UTF-8"?>
<!-- Generated by org.testng.reporters.JUnitReportReporter -->
<testsuite skipped="0" hostname="Chandan" name="com.TestNGScript.file.SK_LA_VisitorPasses" tests="2" failures="0" timestamp="26 Feb 2020 06:43:24 GMT" time="217.484" errors="0">
  <testcase name="MangaeVisitorPasses" time="128.314" classname="com.TestNGScript.file.SK_LA_VisitorPasses"/>
  <testcase name="IssueVisitorPass" time="89.170" classname="com.TestNGScript.file.SK_LA_VisitorPasses"/>
</testsuite> <!-- com.TestNGScript.file.SK_LA_VisitorPasses -->
