<?xml version="1.0" encoding="UTF-8"?>
<!-- Generated by org.testng.reporters.JUnitReportReporter -->
<testsuite skipped="0" hostname="Chandan" name="com.TestNGScript.file.SK_Broadcast" tests="2" failures="0" timestamp="30 Dec 2019 10:01:42 GMT" time="66.787" errors="0">
  <testcase name="testBroadcastLA" time="35.596" classname="com.TestNGScript.file.SK_Broadcast"/>
  <testcase name="testBroadcastObserver" time="31.191" classname="com.TestNGScript.file.SK_Broadcast"/>
</testsuite> <!-- com.TestNGScript.file.SK_Broadcast -->
