<?xml version="1.0" encoding="UTF-8"?>
<!-- Generated by org.testng.reporters.JUnitReportReporter -->
<testsuite skipped="0" hostname="Chandan" name="com.TestNGScript.file.SK_SA_OrganizationPage" tests="1" failures="0" timestamp="13 Jan 2020 05:42:06 GMT" time="45.234" errors="0">
  <testcase name="TestHambugerMenuClick" time="45.234" classname="com.TestNGScript.file.SK_SA_OrganizationPage"/>
</testsuite> <!-- com.TestNGScript.file.SK_SA_OrganizationPage -->
