<?xml version="1.0" encoding="UTF-8"?>
<!-- Generated by org.testng.reporters.JUnitReportReporter -->
<testsuite skipped="0" hostname="Chandan" name="com.TestNGScript.file.SK_LA_Repots" tests="1" failures="0" timestamp="02 Jun 2020 08:59:25 GMT" time="130.003" errors="0">
  <testcase name="ManageTemplates" time="130.003" classname="com.TestNGScript.file.SK_LA_Repots"/>
</testsuite> <!-- com.TestNGScript.file.SK_LA_Repots -->
