<?xml version="1.0" encoding="UTF-8"?>
<!-- Generated by org.testng.reporters.JUnitReportReporter -->
<testsuite skipped="0" hostname="Chandan" name="com.TestNGScript.file.SK_LA_VisitorPassType" tests="3" failures="0" timestamp="05 May 2020 05:42:57 GMT" time="487.426" errors="0">
  <testcase name="ManageVisitorPassType" time="197.559" classname="com.TestNGScript.file.SK_LA_VisitorPassType"/>
  <testcase name="EditVisitorPassType" time="148.969" classname="com.TestNGScript.file.SK_LA_VisitorPassType"/>
  <testcase name="CreateVisitorPassType" time="140.898" classname="com.TestNGScript.file.SK_LA_VisitorPassType"/>
</testsuite> <!-- com.TestNGScript.file.SK_LA_VisitorPassType -->
