<?xml version="1.0" encoding="UTF-8"?>
<!-- Generated by org.testng.reporters.JUnitReportReporter -->
<testsuite skipped="0" hostname="Chandan" name="com.TestNGScript.file.FlightBooking" tests="1" failures="0" timestamp="14 Mar 2019 12:32:46 GMT" time="52.646" errors="0">
  <testcase name="openMMT" time="52.646" classname="com.TestNGScript.file.FlightBooking"/>
</testsuite> <!-- com.TestNGScript.file.FlightBooking -->
