<?xml version="1.0" encoding="UTF-8"?>
<!-- Generated by org.testng.reporters.JUnitReportReporter -->
<testsuite skipped="0" hostname="Chandan" name="com.TestNGScript.file.JDBC_SelectDataRowWise" tests="1" failures="0" timestamp="16 Oct 2019 13:24:55 GMT" time="0.272" errors="0">
  <testcase name="testPostgresDB" time="0.272" classname="com.TestNGScript.file.JDBC_SelectDataRowWise"/>
</testsuite> <!-- com.TestNGScript.file.JDBC_SelectDataRowWise -->
