<?xml version="1.0" encoding="UTF-8"?>
<!-- Generated by org.testng.reporters.JUnitReportReporter -->
<testsuite skipped="0" hostname="Chandan" name="com.TestNGScript.file.SK_LA_VisitorPassType" tests="3" failures="0" timestamp="11 Jun 2020 07:44:03 GMT" time="351.888" errors="0">
  <testcase name="ManageVisitorPassType" time="146.717" classname="com.TestNGScript.file.SK_LA_VisitorPassType"/>
  <testcase name="EditVisitorPassType" time="93.743" classname="com.TestNGScript.file.SK_LA_VisitorPassType"/>
  <testcase name="CreateVisitorPassType" time="111.428" classname="com.TestNGScript.file.SK_LA_VisitorPassType"/>
</testsuite> <!-- com.TestNGScript.file.SK_LA_VisitorPassType -->
