<?xml version="1.0" encoding="UTF-8"?>
<!-- Generated by org.testng.reporters.JUnitReportReporter -->
<testsuite skipped="0" hostname="Chandan" name="com.TestNGScript.file.TestNgAnnotation" tests="1" failures="0" timestamp="28 Sep 2019 11:49:08 GMT" time="0.006" errors="0">
  <testcase name="Test" time="0.006" classname="com.TestNGScript.file.TestNgAnnotation"/>
</testsuite> <!-- com.TestNGScript.file.TestNgAnnotation -->
