<?xml version="1.0" encoding="UTF-8"?>
<!-- Generated by org.testng.reporters.JUnitReportReporter -->
<testsuite skipped="0" hostname="Chandan" name="com.TestNGScript.file.SK_LA_VisitorPassType" tests="3" failures="0" timestamp="30 Mar 2020 06:33:38 GMT" time="494.289" errors="0">
  <testcase name="ManageVisitorPassType" time="192.990" classname="com.TestNGScript.file.SK_LA_VisitorPassType"/>
  <testcase name="EditVisitorPassType" time="174.813" classname="com.TestNGScript.file.SK_LA_VisitorPassType"/>
  <testcase name="CreateVisitorPassType" time="126.486" classname="com.TestNGScript.file.SK_LA_VisitorPassType"/>
</testsuite> <!-- com.TestNGScript.file.SK_LA_VisitorPassType -->
