<?xml version="1.0" encoding="UTF-8"?>
<!-- Generated by org.testng.reporters.JUnitReportReporter -->
<testsuite skipped="0" hostname="Chandan" name="com.TestNGScript.file.SK_LA_CloseActiveEvents" tests="1" failures="0" timestamp="05 May 2020 09:57:13 GMT" time="133.167" errors="0">
  <testcase name="verifyCloseAction" time="133.167" classname="com.TestNGScript.file.SK_LA_CloseActiveEvents"/>
</testsuite> <!-- com.TestNGScript.file.SK_LA_CloseActiveEvents -->
