<?xml version="1.0" encoding="UTF-8"?>
<!-- Generated by org.testng.reporters.JUnitReportReporter -->
<testsuite skipped="0" hostname="Chandan" name="com.TestNGScript.file.SK_OrganizationPage" tests="1" failures="0" timestamp="20 Nov 2019 09:45:10 GMT" time="75.766" errors="0">
  <testcase name="TestOrganizationPage" time="75.766" classname="com.TestNGScript.file.SK_OrganizationPage"/>
</testsuite> <!-- com.TestNGScript.file.SK_OrganizationPage -->
