<?xml version="1.0" encoding="UTF-8"?>
<!-- Generated by org.testng.reporters.JUnitReportReporter -->
<testsuite skipped="0" hostname="Chandan" name="com.TestNGScript.file.SK_SA_OpenIncident" tests="1" failures="0" timestamp="26 Dec 2019 09:52:15 GMT" time="116.435" errors="0">
  <testcase name="launchSafetyApp" time="116.435" classname="com.TestNGScript.file.SK_SA_OpenIncident"/>
</testsuite> <!-- com.TestNGScript.file.SK_SA_OpenIncident -->
