<?xml version="1.0" encoding="UTF-8"?>
<!-- Generated by org.testng.reporters.JUnitReportReporter -->
<testsuite skipped="0" hostname="Chandan" name="com.TestNGScript.file.SafetyKuvrrHomePageMenu" tests="1" failures="0" timestamp="27 Jul 2019 12:19:13 GMT" time="38.507" errors="0">
  <testcase name="TestHambugerMenuClick" time="38.507" classname="com.TestNGScript.file.SafetyKuvrrHomePageMenu"/>
</testsuite> <!-- com.TestNGScript.file.SafetyKuvrrHomePageMenu -->
