<?xml version="1.0" encoding="UTF-8"?>
<!-- Generated by org.testng.reporters.JUnitReportReporter -->
<testsuite skipped="0" hostname="Chandan" name="com.TestNGScript.file.SK_SA_OpenIncident" tests="1" failures="0" timestamp="30 Jun 2020 07:17:35 GMT" time="141.387" errors="0">
  <testcase name="launchSafetyApp" time="141.387" classname="com.TestNGScript.file.SK_SA_OpenIncident"/>
</testsuite> <!-- com.TestNGScript.file.SK_SA_OpenIncident -->
