<?xml version="1.0" encoding="UTF-8"?>
<!-- Generated by org.testng.reporters.JUnitReportReporter -->
<testsuite skipped="0" hostname="Chandan" name="com.TestNGScript.file.SK_LA_ScheduleNotification" tests="1" failures="0" timestamp="28 Jun 2020 11:06:35 GMT" time="194.133" errors="0">
  <testcase name="ManageTemplates" time="194.133" classname="com.TestNGScript.file.SK_LA_ScheduleNotification"/>
</testsuite> <!-- com.TestNGScript.file.SK_LA_ScheduleNotification -->
