<?xml version="1.0" encoding="UTF-8"?>
<!-- Generated by org.testng.reporters.JUnitReportReporter -->
<testsuite skipped="0" hostname="Chandan" name="com.TestNGScript.file.SafetyKuvrrHomePageMenu" tests="1" failures="0" timestamp="28 Sep 2019 12:01:43 GMT" time="40.492" errors="0">
  <testcase name="TestHambugerMenuClick" time="40.492" classname="com.TestNGScript.file.SafetyKuvrrHomePageMenu"/>
</testsuite> <!-- com.TestNGScript.file.SafetyKuvrrHomePageMenu -->
