<?xml version="1.0" encoding="UTF-8"?>
<!-- Generated by org.testng.reporters.JUnitReportReporter -->
<testsuite skipped="0" hostname="Chandan" name="com.TestNGScript.file.SK_Login" tests="1" failures="0" timestamp="20 Nov 2019 12:52:24 GMT" time="32.685" errors="0">
  <testcase name="loginSafetyKuvrr" time="32.685" classname="com.TestNGScript.file.SK_Login"/>
</testsuite> <!-- com.TestNGScript.file.SK_Login -->
