<?xml version="1.0" encoding="UTF-8"?>
<!-- Generated by org.testng.reporters.JUnitReportReporter -->
<testsuite skipped="0" hostname="Chandan" name="com.TestNGScript.file.SK_SA_Organization" tests="1" failures="0" timestamp="22 Jun 2020 07:43:15 GMT" time="103.493" errors="0">
  <testcase name="TestHambugerMenuClick" time="103.493" classname="com.TestNGScript.file.SK_SA_Organization"/>
</testsuite> <!-- com.TestNGScript.file.SK_SA_Organization -->
