<?xml version="1.0" encoding="UTF-8"?>
<!-- Generated by org.testng.reporters.JUnitReportReporter -->
<testsuite skipped="0" hostname="Chandan" name="com.TestNGScript.file.SK_SA_Organization" tests="1" failures="0" timestamp="26 Feb 2020 06:43:24 GMT" time="50.808" errors="0">
  <testcase name="TestHambugerMenuClick" time="50.808" classname="com.TestNGScript.file.SK_SA_Organization"/>
</testsuite> <!-- com.TestNGScript.file.SK_SA_Organization -->
