<?xml version="1.0" encoding="UTF-8"?>
<!-- Generated by org.testng.reporters.JUnitReportReporter -->
<testsuite skipped="0" hostname="Chandan" name="com.TestNGScript.file.SK_LA_VisitorManagement" tests="1" failures="0" timestamp="31 Dec 2019 06:16:43 GMT" time="144.464" errors="0">
  <testcase name="launchSafetyApp" time="144.464" classname="com.TestNGScript.file.SK_LA_VisitorManagement"/>
</testsuite> <!-- com.TestNGScript.file.SK_LA_VisitorManagement -->
