<?xml version="1.0" encoding="UTF-8"?>
<!-- Generated by org.testng.reporters.JUnitReportReporter -->
<testsuite skipped="0" hostname="Chandan" name="com.TestNGScript.file.JDBC_InsertData" tests="1" failures="0" timestamp="16 Oct 2019 07:32:14 GMT" time="0.280" errors="0">
  <testcase name="testPostgresDB" time="0.280" classname="com.TestNGScript.file.JDBC_InsertData"/>
</testsuite> <!-- com.TestNGScript.file.JDBC_InsertData -->
