<?xml version="1.0" encoding="UTF-8"?>
<!-- Generated by org.testng.reporters.JUnitReportReporter -->
<testsuite skipped="0" hostname="Chandan" name="com.TestNGScript.file.SK_SA_OpenIncident" tests="1" failures="0" timestamp="06 Jan 2020 05:47:24 GMT" time="117.287" errors="0">
  <testcase name="launchSafetyApp" time="117.287" classname="com.TestNGScript.file.SK_SA_OpenIncident"/>
</testsuite> <!-- com.TestNGScript.file.SK_SA_OpenIncident -->
