<?xml version="1.0" encoding="UTF-8"?>
<!-- Generated by org.testng.reporters.JUnitReportReporter -->
<testsuite skipped="0" hostname="Chandan" name="com.TestNGScript.file.SK_LA_CreateVisitorPasses" tests="1" failures="0" timestamp="29 Jun 2020 06:29:20 GMT" time="99.126" errors="0">
  <testcase name="IssueVisitorPass" time="99.126" classname="com.TestNGScript.file.SK_LA_CreateVisitorPasses"/>
</testsuite> <!-- com.TestNGScript.file.SK_LA_CreateVisitorPasses -->
