<?xml version="1.0" encoding="UTF-8"?>
<!-- Generated by org.testng.reporters.JUnitReportReporter -->
<testsuite skipped="0" hostname="Chandan" name="com.TestNGScript.file.TestNgAnnotation" tests="1" failures="0" timestamp="22 Oct 2019 13:36:59 GMT" time="0.020" errors="0">
  <testcase name="Test" time="0.020" classname="com.TestNGScript.file.TestNgAnnotation"/>
</testsuite> <!-- com.TestNGScript.file.TestNgAnnotation -->
