<?xml version="1.0" encoding="UTF-8"?>
<!-- Generated by org.testng.reporters.JUnitReportReporter -->
<testsuite skipped="1" hostname="Chandan" name="com.TestNGScript.file.SK_DataProvider" tests="1" failures="0" timestamp="20 Nov 2019 08:48:14 GMT" time="0.000" errors="0">
  <testcase name="loginSK" time="0.000" classname="com.TestNGScript.file.SK_DataProvider">
    <skipped/>
  </testcase> <!-- loginSK -->
</testsuite> <!-- com.TestNGScript.file.SK_DataProvider -->
