<?xml version="1.0" encoding="UTF-8"?>
<!-- Generated by org.testng.reporters.JUnitReportReporter -->
<testsuite skipped="0" hostname="Chandan" name="com.TestNGScript.file.SK_LA_VisitorManagement" tests="1" failures="0" timestamp="30 Dec 2019 13:57:15 GMT" time="131.058" errors="0">
  <testcase name="launchSafetyApp" time="131.058" classname="com.TestNGScript.file.SK_LA_VisitorManagement"/>
</testsuite> <!-- com.TestNGScript.file.SK_LA_VisitorManagement -->
