<?xml version="1.0" encoding="UTF-8"?>
<!-- Generated by org.testng.reporters.JUnitReportReporter -->
<testsuite skipped="0" hostname="Chandan" name="com.TestNGScript.file.SK_Login" tests="3" failures="0" timestamp="16 Dec 2019 05:59:57 GMT" time="143.677" errors="0">
  <testcase name="loginSASafetyKuvrr" time="48.953" classname="com.TestNGScript.file.SK_Login"/>
  <testcase name="loginLASafetyKuvrr" time="46.333" classname="com.TestNGScript.file.SK_Login"/>
  <testcase name="loginObsSafetyKuvrr" time="48.391" classname="com.TestNGScript.file.SK_Login"/>
</testsuite> <!-- com.TestNGScript.file.SK_Login -->
