<?xml version="1.0" encoding="UTF-8"?>
<!-- Generated by org.testng.reporters.JUnitReportReporter -->
<testsuite skipped="0" hostname="Chandan" name="com.TestNGScript.file.SK_LA_VisitorManagement" tests="1" failures="0" timestamp="21 Dec 2019 10:42:09 GMT" time="112.917" errors="0">
  <testcase name="launchSafetyApp" time="112.917" classname="com.TestNGScript.file.SK_LA_VisitorManagement"/>
</testsuite> <!-- com.TestNGScript.file.SK_LA_VisitorManagement -->
