<?xml version="1.0" encoding="UTF-8"?>
<!-- Generated by org.testng.reporters.JUnitReportReporter -->
<testsuite skipped="0" hostname="Chandan" name="com.TestNGScript.file.SafetyKuvrrOpenIncident" tests="1" failures="0" timestamp="28 Sep 2019 12:01:43 GMT" time="32.729" errors="0">
  <testcase name="launchSafetyApp" time="32.729" classname="com.TestNGScript.file.SafetyKuvrrOpenIncident"/>
</testsuite> <!-- com.TestNGScript.file.SafetyKuvrrOpenIncident -->
