<?xml version="1.0" encoding="UTF-8"?>
<!-- Generated by org.testng.reporters.JUnitReportReporter -->
<testsuite skipped="0" hostname="Chandan" name="com.TestNGScript.file.ApplitoolDemo" tests="1" failures="0" timestamp="05 Jul 2019 09:56:12 GMT" time="48.861" errors="0">
  <testcase name="applitool" time="48.861" classname="com.TestNGScript.file.ApplitoolDemo"/>
</testsuite> <!-- com.TestNGScript.file.ApplitoolDemo -->
