<?xml version="1.0" encoding="UTF-8"?>
<!-- Generated by org.testng.reporters.JUnitReportReporter -->
<testsuite skipped="0" hostname="Chandan" name="com.TestNGScript.file.SK_SA_OrganizationPage" tests="1" failures="0" timestamp="07 Feb 2020 06:58:54 GMT" time="49.460" errors="0">
  <testcase name="TestHambugerMenuClick" time="49.460" classname="com.TestNGScript.file.SK_SA_OrganizationPage"/>
</testsuite> <!-- com.TestNGScript.file.SK_SA_OrganizationPage -->
