<?xml version="1.0" encoding="UTF-8"?>
<!-- Generated by org.testng.reporters.JUnitReportReporter -->
<testsuite skipped="0" hostname="Chandan" name="com.TestNGScript.file.JDBC_SelectSingleRowData" tests="1" failures="0" timestamp="16 Oct 2019 09:06:17 GMT" time="0.373" errors="0">
  <testcase name="testPostgresDB" time="0.373" classname="com.TestNGScript.file.JDBC_SelectSingleRowData"/>
</testsuite> <!-- com.TestNGScript.file.JDBC_SelectSingleRowData -->
