<?xml version="1.0" encoding="UTF-8"?>
<!-- Generated by org.testng.reporters.JUnitReportReporter -->
<testsuite skipped="0" hostname="Chandan" name="com.TestNGScript.file.SK_LA_OpenIncident" tests="1" failures="0" timestamp="05 Dec 2019 05:29:42 GMT" time="142.764" errors="0">
  <testcase name="launchSafetyApp" time="142.764" classname="com.TestNGScript.file.SK_LA_OpenIncident"/>
</testsuite> <!-- com.TestNGScript.file.SK_LA_OpenIncident -->
