<?xml version="1.0" encoding="UTF-8"?>
<!-- Generated by org.testng.reporters.JUnitReportReporter -->
<testsuite skipped="0" hostname="Chandan" name="com.TestNGScript.file.SK_OpenIncident" tests="1" failures="0" timestamp="20 Nov 2019 14:01:37 GMT" time="112.210" errors="0">
  <testcase name="launchSafetyApp" time="112.210" classname="com.TestNGScript.file.SK_OpenIncident"/>
</testsuite> <!-- com.TestNGScript.file.SK_OpenIncident -->
