<?xml version="1.0" encoding="UTF-8"?>
<!-- Generated by org.testng.reporters.JUnitReportReporter -->
<testsuite skipped="0" hostname="Chandan" name="com.TestNGScript.file.LoginSafetyKuvrr" tests="1" failures="0" timestamp="28 Sep 2019 11:18:14 GMT" time="26.661" errors="0">
  <testcase name="loginSafetyKuvrr" time="26.661" classname="com.TestNGScript.file.LoginSafetyKuvrr"/>
</testsuite> <!-- com.TestNGScript.file.LoginSafetyKuvrr -->
