<?xml version="1.0" encoding="UTF-8"?>
<!-- Generated by org.testng.reporters.JUnitReportReporter -->
<testsuite skipped="0" hostname="Chandan" name="com.TestNGScript.file.SK_Observer_OpenIncident" tests="1" failures="0" timestamp="11 Jun 2020 07:44:03 GMT" time="126.653" errors="0">
  <testcase name="launchSafetyApp" time="126.653" classname="com.TestNGScript.file.SK_Observer_OpenIncident"/>
</testsuite> <!-- com.TestNGScript.file.SK_Observer_OpenIncident -->
