<?xml version="1.0" encoding="UTF-8"?>
<!-- Generated by org.testng.reporters.JUnitReportReporter -->
<testsuite skipped="0" hostname="Chandan" name="com.TestNGScript.file.LoginAmazon" tests="1" failures="0" timestamp="15 Mar 2019 06:59:18 GMT" time="29.672" errors="0">
  <testcase name="TestLoginAmazon" time="29.672" classname="com.TestNGScript.file.LoginAmazon"/>
</testsuite> <!-- com.TestNGScript.file.LoginAmazon -->
