<?xml version="1.0" encoding="UTF-8"?>
<!-- Generated by org.testng.reporters.JUnitReportReporter -->
<testsuite skipped="0" hostname="Chandan" name="com.TestNGScript.file.SK_EventAction" tests="1" failures="0" timestamp="19 Nov 2019 06:46:25 GMT" time="85.098" errors="0">
  <testcase name="launchSafetyApp" time="85.098" classname="com.TestNGScript.file.SK_EventAction"/>
</testsuite> <!-- com.TestNGScript.file.SK_EventAction -->
