<?xml version="1.0" encoding="UTF-8"?>
<!-- Generated by org.testng.reporters.JUnitReportReporter -->
<testsuite skipped="0" hostname="Chandan" name="com.TestNGScript.file.SK_LA_IncomingIncident" tests="1" failures="0" timestamp="04 May 2020 14:47:34 GMT" time="106.507" errors="0">
  <testcase name="launchSafetyApp" time="106.507" classname="com.TestNGScript.file.SK_LA_IncomingIncident"/>
</testsuite> <!-- com.TestNGScript.file.SK_LA_IncomingIncident -->
