<?xml version="1.0" encoding="UTF-8"?>
<!-- Generated by org.testng.reporters.JUnitReportReporter -->
<testsuite skipped="0" hostname="Chandan" name="com.TestNGScript.file.LoginAmazon" tests="1" failures="0" timestamp="28 Sep 2019 12:01:43 GMT" time="25.929" errors="0">
  <testcase name="TestLoginAmazon" time="25.929" classname="com.TestNGScript.file.LoginAmazon"/>
</testsuite> <!-- com.TestNGScript.file.LoginAmazon -->
