<?xml version="1.0" encoding="UTF-8"?>
<!-- Generated by org.testng.reporters.JUnitReportReporter -->
<testsuite skipped="0" hostname="Chandan" name="com.TestNGScript.file.SK_HomePage" tests="1" failures="0" timestamp="30 Nov 2019 06:23:56 GMT" time="34.178" errors="0">
  <testcase name="TestHambugerMenuClick" time="34.178" classname="com.TestNGScript.file.SK_HomePage"/>
</testsuite> <!-- com.TestNGScript.file.SK_HomePage -->
