<?xml version="1.0" encoding="UTF-8"?>
<!-- Generated by org.testng.reporters.JUnitReportReporter -->
<testsuite skipped="0" hostname="Chandan" name="com.TestNGScript.file.SK_Broadcast" tests="2" failures="0" timestamp="06 Jan 2020 05:47:24 GMT" time="78.893" errors="0">
  <testcase name="testBroadcastLA" time="41.721" classname="com.TestNGScript.file.SK_Broadcast"/>
  <testcase name="testBroadcastObserver" time="37.172" classname="com.TestNGScript.file.SK_Broadcast"/>
</testsuite> <!-- com.TestNGScript.file.SK_Broadcast -->
