<?xml version="1.0" encoding="UTF-8"?>
<!-- Generated by org.testng.reporters.JUnitReportReporter -->
<testsuite skipped="0" hostname="Chandan" name="com.TestNGScript.file.SK_LA_ShareActiveEvent" tests="1" failures="0" timestamp="30 Jun 2020 07:17:35 GMT" time="85.569" errors="0">
  <testcase name="verifyCloseAction" time="85.569" classname="com.TestNGScript.file.SK_LA_ShareActiveEvent"/>
</testsuite> <!-- com.TestNGScript.file.SK_LA_ShareActiveEvent -->
