<?xml version="1.0" encoding="UTF-8"?>
<!-- Generated by org.testng.reporters.JUnitReportReporter -->
<testsuite skipped="0" hostname="Chandan" name="com.TestNGScript.file.JDBC_ExportDB_ExcelSheet" tests="1" failures="0" timestamp="22 Oct 2019 12:53:25 GMT" time="8.919" errors="0">
  <testcase name="ExportDBtoExcel" time="8.919" classname="com.TestNGScript.file.JDBC_ExportDB_ExcelSheet"/>
</testsuite> <!-- com.TestNGScript.file.JDBC_ExportDB_ExcelSheet -->
