<?xml version="1.0" encoding="UTF-8"?>
<!-- Generated by org.testng.reporters.JUnitReportReporter -->
<testsuite skipped="0" hostname="Chandan" name="com.TestNGScript.file.SK_SA_OrganizationPage" tests="1" failures="0" timestamp="30 Dec 2019 10:01:42 GMT" time="38.168" errors="0">
  <testcase name="TestHambugerMenuClick" time="38.168" classname="com.TestNGScript.file.SK_SA_OrganizationPage"/>
</testsuite> <!-- com.TestNGScript.file.SK_SA_OrganizationPage -->
