<?xml version="1.0" encoding="UTF-8"?>
<!-- Generated by org.testng.reporters.JUnitReportReporter -->
<testsuite skipped="0" hostname="Chandan" name="com.TestNGScript.file.SK_911Incident" tests="1" failures="0" timestamp="06 Dec 2019 07:09:58 GMT" time="75.230" errors="0">
  <testcase name="launchSafetyApp" time="75.230" classname="com.TestNGScript.file.SK_911Incident"/>
</testsuite> <!-- com.TestNGScript.file.SK_911Incident -->
