<?xml version="1.0" encoding="UTF-8"?>
<!-- Generated by org.testng.reporters.JUnitReportReporter -->
<testsuite skipped="0" hostname="Chandan" name="com.TestNGScript.file.LoginAmazon" tests="1" failures="0" timestamp="07 Oct 2019 10:27:25 GMT" time="25.581" errors="0">
  <testcase name="TestLoginAmazon" time="25.581" classname="com.TestNGScript.file.LoginAmazon"/>
</testsuite> <!-- com.TestNGScript.file.LoginAmazon -->
