<?xml version="1.0" encoding="UTF-8"?>
<!-- Generated by org.testng.reporters.JUnitReportReporter -->
<testsuite skipped="0" hostname="Chandan" name="com.TestNGScript.file.SK_LA_VisitorPasses" tests="2" failures="0" timestamp="05 May 2020 05:42:57 GMT" time="340.407" errors="0">
  <testcase name="MangaeVisitorPasses" time="193.641" classname="com.TestNGScript.file.SK_LA_VisitorPasses"/>
  <testcase name="IssueVisitorPass" time="146.766" classname="com.TestNGScript.file.SK_LA_VisitorPasses"/>
</testsuite> <!-- com.TestNGScript.file.SK_LA_VisitorPasses -->
