<?xml version="1.0" encoding="UTF-8"?>
<!-- Generated by org.testng.reporters.JUnitReportReporter -->
<testsuite skipped="0" hostname="Chandan" name="com.TestNGScript.file.SK_LA_OpenIncident" tests="1" failures="0" timestamp="28 Jan 2020 05:53:59 GMT" time="95.684" errors="0">
  <testcase name="launchSafetyApp" time="95.684" classname="com.TestNGScript.file.SK_LA_OpenIncident"/>
</testsuite> <!-- com.TestNGScript.file.SK_LA_OpenIncident -->
