<?xml version="1.0" encoding="UTF-8"?>
<!-- Generated by org.testng.reporters.JUnitReportReporter -->
<testsuite skipped="0" hostname="Chandan" name="com.TestNGScript.file.SK_Broadcast" tests="2" failures="0" timestamp="20 Jan 2020 05:17:48 GMT" time="76.297" errors="0">
  <testcase name="testBroadcastLA" time="38.478" classname="com.TestNGScript.file.SK_Broadcast"/>
  <testcase name="testBroadcastObserver" time="37.819" classname="com.TestNGScript.file.SK_Broadcast"/>
</testsuite> <!-- com.TestNGScript.file.SK_Broadcast -->
