<?xml version="1.0" encoding="UTF-8"?>
<!-- Generated by org.testng.reporters.JUnitReportReporter -->
<testsuite skipped="0" hostname="Chandan" name="com.TestNGScript.file.SK_LA_ClosedIncident" tests="1" failures="0" timestamp="30 Dec 2019 10:01:42 GMT" time="131.123" errors="0">
  <testcase name="launchSafetyApp" time="131.123" classname="com.TestNGScript.file.SK_LA_ClosedIncident"/>
</testsuite> <!-- com.TestNGScript.file.SK_LA_ClosedIncident -->
