<?xml version="1.0" encoding="UTF-8"?>
<!-- Generated by org.testng.reporters.JUnitReportReporter -->
<testsuite skipped="0" hostname="Chandan" name="com.TestNGScript.file.SK_LA_VisitorPassType" tests="3" failures="0" timestamp="20 May 2020 09:00:50 GMT" time="391.947" errors="0">
  <testcase name="ManageVisitorPassType" time="160.418" classname="com.TestNGScript.file.SK_LA_VisitorPassType"/>
  <testcase name="EditVisitorPassType" time="116.176" classname="com.TestNGScript.file.SK_LA_VisitorPassType"/>
  <testcase name="CreateVisitorPassType" time="115.353" classname="com.TestNGScript.file.SK_LA_VisitorPassType"/>
</testsuite> <!-- com.TestNGScript.file.SK_LA_VisitorPassType -->
