<?xml version="1.0" encoding="UTF-8"?>
<!-- Generated by org.testng.reporters.JUnitReportReporter -->
<testsuite skipped="0" hostname="Chandan" name="com.TestNGScript.file.SafetyKuvrrHomePageMenu" tests="1" failures="0" timestamp="07 Oct 2019 10:27:25 GMT" time="39.526" errors="0">
  <testcase name="TestHambugerMenuClick" time="39.526" classname="com.TestNGScript.file.SafetyKuvrrHomePageMenu"/>
</testsuite> <!-- com.TestNGScript.file.SafetyKuvrrHomePageMenu -->
