<?xml version="1.0" encoding="UTF-8"?>
<!-- Generated by org.testng.reporters.JUnitReportReporter -->
<testsuite skipped="0" hostname="Chandan" name="com.TestNGScript.file.SK_Login" tests="3" failures="0" timestamp="30 Nov 2019 06:23:56 GMT" time="73.637" errors="0">
  <testcase name="loginLASafetyKuvrr" time="23.857" classname="com.TestNGScript.file.SK_Login"/>
  <testcase name="loginSASafetyKuvrr" time="21.965" classname="com.TestNGScript.file.SK_Login"/>
  <testcase name="loginObsSafetyKuvrr" time="27.815" classname="com.TestNGScript.file.SK_Login"/>
</testsuite> <!-- com.TestNGScript.file.SK_Login -->
