<?xml version="1.0" encoding="UTF-8"?>
<!-- Generated by org.testng.reporters.JUnitReportReporter -->
<testsuite skipped="0" hostname="Chandan" name="com.TestNGScript.file.LoginTanmay" tests="2" failures="0" timestamp="19 Feb 2019 10:03:11 GMT" time="5.276" errors="0">
  <testcase name="runTest" time="0.006" classname="com.TestNGScript.file.LoginTanmay"/>
  <testcase name="login" time="5.270" classname="com.TestNGScript.file.LoginTanmay"/>
</testsuite> <!-- com.TestNGScript.file.LoginTanmay -->
