<?xml version="1.0" encoding="UTF-8"?>
<!-- Generated by org.testng.reporters.JUnitReportReporter -->
<testsuite skipped="0" hostname="Chandan" name="com.TestNGScript.file.SK_Login" tests="3" failures="0" timestamp="18 May 2020 10:18:14 GMT" time="164.170" errors="0">
  <testcase name="loginSASafetyKuvrr" time="38.777" classname="com.TestNGScript.file.SK_Login"/>
  <testcase name="loginLASafetyKuvrr" time="75.365" classname="com.TestNGScript.file.SK_Login"/>
  <testcase name="loginObsSafetyKuvrr" time="50.028" classname="com.TestNGScript.file.SK_Login"/>
</testsuite> <!-- com.TestNGScript.file.SK_Login -->
