<?xml version="1.0" encoding="UTF-8"?>
<!-- Generated by org.testng.reporters.JUnitReportReporter -->
<testsuite skipped="0" hostname="Chandan" name="com.TestNGScript.file.SK_LA_OpenIncident" tests="1" failures="0" timestamp="20 May 2020 09:00:50 GMT" time="195.610" errors="0">
  <testcase name="launchSafetyApp" time="195.610" classname="com.TestNGScript.file.SK_LA_OpenIncident"/>
</testsuite> <!-- com.TestNGScript.file.SK_LA_OpenIncident -->
