<?xml version="1.0" encoding="UTF-8"?>
<!-- Generated by org.testng.reporters.JUnitReportReporter -->
<testsuite skipped="0" hostname="Chandan" name="com.TestNGScript.file.SK_EventAction" tests="1" failures="0" timestamp="16 Dec 2019 05:59:57 GMT" time="90.557" errors="0">
  <testcase name="launchSafetyApp" time="90.557" classname="com.TestNGScript.file.SK_EventAction"/>
</testsuite> <!-- com.TestNGScript.file.SK_EventAction -->
