<?xml version="1.0" encoding="UTF-8"?>
<!-- Generated by org.testng.reporters.JUnitReportReporter -->
<testsuite skipped="0" hostname="Chandan" name="com.TestNGScript.file.SK_SA_OrganizationPage" tests="1" failures="0" timestamp="31 Dec 2019 06:16:43 GMT" time="22.792" errors="0">
  <testcase name="TestHambugerMenuClick" time="22.792" classname="com.TestNGScript.file.SK_SA_OrganizationPage"/>
</testsuite> <!-- com.TestNGScript.file.SK_SA_OrganizationPage -->
