<?xml version="1.0" encoding="UTF-8"?>
<!-- Generated by org.testng.reporters.JUnitReportReporter -->
<testsuite skipped="0" hostname="Chandan" name="com.TestNGScript.file.JDBC_ExportDB_ExcelSheet" tests="1" failures="0" timestamp="21 Nov 2019 05:47:37 GMT" time="9.648" errors="0">
  <testcase name="ExportDBtoExcel" time="9.648" classname="com.TestNGScript.file.JDBC_ExportDB_ExcelSheet"/>
</testsuite> <!-- com.TestNGScript.file.JDBC_ExportDB_ExcelSheet -->
