<?xml version="1.0" encoding="UTF-8"?>
<!-- Generated by org.testng.reporters.JUnitReportReporter -->
<testsuite skipped="0" hostname="Chandan" name="com.TestNGScript.file.SK_LA_CreateVisitor" tests="1" failures="0" timestamp="13 Jan 2020 05:42:06 GMT" time="81.149" errors="0">
  <testcase name="launchSafetyApp" time="81.149" classname="com.TestNGScript.file.SK_LA_CreateVisitor"/>
</testsuite> <!-- com.TestNGScript.file.SK_LA_CreateVisitor -->
