<?xml version="1.0" encoding="UTF-8"?>
<!-- Generated by org.testng.reporters.JUnitReportReporter -->
<testsuite skipped="0" hostname="Chandan" name="com.TestNGScript.file.SK_LA_ManageVisitors" tests="1" failures="0" timestamp="02 Jan 2020 12:40:37 GMT" time="149.667" errors="0">
  <testcase name="launchSafetyApp" time="149.667" classname="com.TestNGScript.file.SK_LA_ManageVisitors"/>
</testsuite> <!-- com.TestNGScript.file.SK_LA_ManageVisitors -->
