<?xml version="1.0" encoding="UTF-8"?>
<!-- Generated by org.testng.reporters.JUnitReportReporter -->
<testsuite skipped="0" hostname="Chandan" name="com.TestNGScript.file.SafetyKuvrrBroadcast" tests="1" failures="0" timestamp="09 Aug 2019 13:33:13 GMT" time="26.757" errors="0">
  <testcase name="launchSafetyApp" time="26.757" classname="com.TestNGScript.file.SafetyKuvrrBroadcast"/>
</testsuite> <!-- com.TestNGScript.file.SafetyKuvrrBroadcast -->
