<?xml version="1.0" encoding="UTF-8"?>
<!-- Generated by org.testng.reporters.JUnitReportReporter -->
<testsuite skipped="0" hostname="Chandan" name="com.TestNGScript.file.HomeAmazon" tests="3" failures="0" timestamp="23 Jul 2019 09:01:49 GMT" time="53.929" errors="0">
  <testcase name="TestHomePageTitle" time="9.785" classname="com.TestNGScript.file.HomeAmazon"/>
  <testcase name="TestAmazonLogo" time="21.176" classname="com.TestNGScript.file.HomeAmazon"/>
  <testcase name="TestAmazonSell" time="22.968" classname="com.TestNGScript.file.HomeAmazon"/>
</testsuite> <!-- com.TestNGScript.file.HomeAmazon -->
