<?xml version="1.0" encoding="UTF-8"?>
<!-- Generated by org.testng.reporters.JUnitReportReporter -->
<testsuite skipped="0" hostname="Chandan" name="com.TestNGScript.file.SK_Login" tests="3" failures="0" timestamp="05 Dec 2019 05:29:42 GMT" time="217.305" errors="0">
  <testcase name="loginLASafetyKuvrr" time="62.218" classname="com.TestNGScript.file.SK_Login"/>
  <testcase name="loginSASafetyKuvrr" time="82.574" classname="com.TestNGScript.file.SK_Login"/>
  <testcase name="loginObsSafetyKuvrr" time="72.513" classname="com.TestNGScript.file.SK_Login"/>
</testsuite> <!-- com.TestNGScript.file.SK_Login -->
