<?xml version="1.0" encoding="UTF-8"?>
<!-- Generated by org.testng.reporters.JUnitReportReporter -->
<testsuite skipped="0" hostname="Chandan" name="com.TestNGScript.file.SK_Login" tests="3" failures="0" timestamp="05 May 2020 05:42:57 GMT" time="205.857" errors="0">
  <testcase name="loginSASafetyKuvrr" time="56.584" classname="com.TestNGScript.file.SK_Login"/>
  <testcase name="loginLASafetyKuvrr" time="75.223" classname="com.TestNGScript.file.SK_Login"/>
  <testcase name="loginObsSafetyKuvrr" time="74.050" classname="com.TestNGScript.file.SK_Login"/>
</testsuite> <!-- com.TestNGScript.file.SK_Login -->
