<?xml version="1.0" encoding="UTF-8"?>
<!-- Generated by org.testng.reporters.JUnitReportReporter -->
<testsuite skipped="0" hostname="Chandan" name="com.TestNGScript.file.SK_HomePage" tests="1" failures="0" timestamp="20 Nov 2019 06:00:45 GMT" time="45.995" errors="0">
  <testcase name="TestHambugerMenuClick" time="45.995" classname="com.TestNGScript.file.SK_HomePage"/>
</testsuite> <!-- com.TestNGScript.file.SK_HomePage -->
