<?xml version="1.0" encoding="UTF-8"?>
<!-- Generated by org.testng.reporters.JUnitReportReporter -->
<testsuite skipped="0" hostname="Chandan" name="com.TestNGScript.file.LoginSafetyKuvrr" tests="1" failures="0" timestamp="12 Aug 2019 12:43:45 GMT" time="30.225" errors="0">
  <testcase name="loginSafetyKuvrr" time="30.225" classname="com.TestNGScript.file.LoginSafetyKuvrr"/>
</testsuite> <!-- com.TestNGScript.file.LoginSafetyKuvrr -->
