<?xml version="1.0" encoding="UTF-8"?>
<!-- Generated by org.testng.reporters.JUnitReportReporter -->
<testsuite skipped="0" hostname="Chandan" name="com.TestNGScript.file.SK_911Incident" tests="1" failures="0" timestamp="03 Apr 2020 06:36:58 GMT" time="56.580" errors="0">
  <testcase name="launchSafetyApp" time="56.580" classname="com.TestNGScript.file.SK_911Incident"/>
</testsuite> <!-- com.TestNGScript.file.SK_911Incident -->
