<?xml version="1.0" encoding="UTF-8"?>
<!-- Generated by org.testng.reporters.JUnitReportReporter -->
<testsuite skipped="0" hostname="Chandan" name="com.TestNGScript.file.SK_LA_ShareActiveEvent" tests="1" failures="0" timestamp="11 Jun 2020 07:44:03 GMT" time="62.812" errors="0">
  <testcase name="verifyCloseAction" time="62.812" classname="com.TestNGScript.file.SK_LA_ShareActiveEvent"/>
</testsuite> <!-- com.TestNGScript.file.SK_LA_ShareActiveEvent -->
