<?xml version="1.0" encoding="UTF-8"?>
<!-- Generated by org.testng.reporters.JUnitReportReporter -->
<testsuite skipped="0" hostname="Chandan" name="com.TestNGScript.file.SK_LA_ShareActiveEvent" tests="1" failures="0" timestamp="29 Jun 2020 06:29:20 GMT" time="64.293" errors="0">
  <testcase name="verifyCloseAction" time="64.293" classname="com.TestNGScript.file.SK_LA_ShareActiveEvent"/>
</testsuite> <!-- com.TestNGScript.file.SK_LA_ShareActiveEvent -->
