<?xml version="1.0" encoding="UTF-8"?>
<!-- Generated by org.testng.reporters.JUnitReportReporter -->
<testsuite skipped="0" hostname="Chandan" name="com.TestNGScript.file.JDBC_MySQL_Red5" tests="1" failures="0" timestamp="16 Dec 2019 12:36:08 GMT" time="4.257" errors="0">
  <testcase name="testMySQLDB" time="4.257" classname="com.TestNGScript.file.JDBC_MySQL_Red5"/>
</testsuite> <!-- com.TestNGScript.file.JDBC_MySQL_Red5 -->
