<?xml version="1.0" encoding="UTF-8"?>
<!-- Generated by org.testng.reporters.JUnitReportReporter -->
<testsuite skipped="0" hostname="Chandan" name="com.TestNGScript.file.SK_Login" tests="3" failures="0" timestamp="31 Jan 2020 05:39:25 GMT" time="89.244" errors="0">
  <testcase name="loginSASafetyKuvrr" time="27.898" classname="com.TestNGScript.file.SK_Login"/>
  <testcase name="loginLASafetyKuvrr" time="24.597" classname="com.TestNGScript.file.SK_Login"/>
  <testcase name="loginObsSafetyKuvrr" time="36.749" classname="com.TestNGScript.file.SK_Login"/>
</testsuite> <!-- com.TestNGScript.file.SK_Login -->
