<?xml version="1.0" encoding="UTF-8"?>
<!-- Generated by org.testng.reporters.JUnitReportReporter -->
<testsuite skipped="0" hostname="Chandan" name="com.TestNGScript.file.SK_OrganizationPage" tests="1" failures="0" timestamp="21 Oct 2019 08:32:26 GMT" time="50.909" errors="0">
  <testcase name="TestOrganizationPage" time="50.909" classname="com.TestNGScript.file.SK_OrganizationPage"/>
</testsuite> <!-- com.TestNGScript.file.SK_OrganizationPage -->
