<?xml version="1.0" encoding="UTF-8"?>
<!-- Generated by org.testng.reporters.JUnitReportReporter -->
<testsuite skipped="0" hostname="Chandan" name="com.TestNGScript.file.SK_LA_VisitorPassType" tests="3" failures="0" timestamp="29 Jun 2020 06:29:20 GMT" time="373.590" errors="0">
  <testcase name="ManageVisitorPassType" time="151.476" classname="com.TestNGScript.file.SK_LA_VisitorPassType"/>
  <testcase name="EditVisitorPassType" time="113.758" classname="com.TestNGScript.file.SK_LA_VisitorPassType"/>
  <testcase name="CreateVisitorPassType" time="108.356" classname="com.TestNGScript.file.SK_LA_VisitorPassType"/>
</testsuite> <!-- com.TestNGScript.file.SK_LA_VisitorPassType -->
