<?xml version="1.0" encoding="UTF-8"?>
<!-- Generated by org.testng.reporters.JUnitReportReporter -->
<testsuite skipped="0" hostname="Chandan" name="com.TestNGScript.file.SafetyKuvrrOpenIncident" tests="1" failures="0" timestamp="18 Nov 2019 12:10:01 GMT" time="94.864" errors="0">
  <testcase name="launchSafetyApp" time="94.864" classname="com.TestNGScript.file.SafetyKuvrrOpenIncident"/>
</testsuite> <!-- com.TestNGScript.file.SafetyKuvrrOpenIncident -->
