<?xml version="1.0" encoding="UTF-8"?>
<!-- Generated by org.testng.reporters.JUnitReportReporter -->
<testsuite skipped="0" hostname="Chandan" name="com.TestNGScript.file.LoginAmazon" tests="1" failures="0" timestamp="19 Nov 2019 06:46:25 GMT" time="13.823" errors="0">
  <testcase name="TestLoginAmazon" time="13.823" classname="com.TestNGScript.file.LoginAmazon"/>
</testsuite> <!-- com.TestNGScript.file.LoginAmazon -->
