<?xml version="1.0" encoding="UTF-8"?>
<!-- Generated by org.testng.reporters.JUnitReportReporter -->
<testsuite skipped="0" hostname="Chandan" name="com.TestNGScript.file.SK_LA_Reports" tests="1" failures="0" timestamp="30 Jun 2020 07:17:35 GMT" time="97.881" errors="0">
  <testcase name="ManageTemplates" time="97.881" classname="com.TestNGScript.file.SK_LA_Reports"/>
</testsuite> <!-- com.TestNGScript.file.SK_LA_Reports -->
