<?xml version="1.0" encoding="UTF-8"?>
<!-- Generated by org.testng.reporters.JUnitReportReporter -->
<testsuite skipped="0" hostname="Chandan" name="com.TestNGScript.file.SK_EventAction" tests="1" failures="0" timestamp="07 Dec 2019 06:45:54 GMT" time="88.997" errors="0">
  <testcase name="launchSafetyApp" time="88.997" classname="com.TestNGScript.file.SK_EventAction"/>
</testsuite> <!-- com.TestNGScript.file.SK_EventAction -->
