<?xml version="1.0" encoding="UTF-8"?>
<!-- Generated by org.testng.reporters.JUnitReportReporter -->
<testsuite skipped="0" hostname="Chandan" name="com.TestNGScript.file.HomeAmazon" tests="3" failures="0" timestamp="07 Oct 2019 10:27:25 GMT" time="56.013" errors="0">
  <testcase name="TestHomePageTitle" time="18.739" classname="com.TestNGScript.file.HomeAmazon"/>
  <testcase name="TestAmazonLogo" time="19.041" classname="com.TestNGScript.file.HomeAmazon"/>
  <testcase name="TestAmazonSell" time="18.233" classname="com.TestNGScript.file.HomeAmazon"/>
</testsuite> <!-- com.TestNGScript.file.HomeAmazon -->
