<?xml version="1.0" encoding="UTF-8"?>
<!-- Generated by org.testng.reporters.JUnitReportReporter -->
<testsuite skipped="0" hostname="Chandan" name="com.TestNGScript.file.SK_LA_MenuList" tests="1" failures="0" timestamp="30 Mar 2020 07:16:22 GMT" time="210.523" errors="0">
  <testcase name="launchSafetyApp" time="210.523" classname="com.TestNGScript.file.SK_LA_MenuList"/>
</testsuite> <!-- com.TestNGScript.file.SK_LA_MenuList -->
