<?xml version="1.0" encoding="UTF-8"?>
<!-- Generated by org.testng.reporters.JUnitReportReporter -->
<testsuite skipped="0" hostname="Chandan" name="com.TestNGScript.file.LoginSafetyKuvrr" tests="1" failures="0" timestamp="28 Sep 2019 12:01:43 GMT" time="30.753" errors="0">
  <testcase name="loginSafetyKuvrr" time="30.753" classname="com.TestNGScript.file.LoginSafetyKuvrr"/>
</testsuite> <!-- com.TestNGScript.file.LoginSafetyKuvrr -->
