<?xml version="1.0" encoding="UTF-8"?>
<!-- Generated by org.testng.reporters.JUnitReportReporter -->
<testsuite skipped="0" hostname="Chandan" name="com.TestNGScript.file.SK_EventAction" tests="1" failures="0" timestamp="20 Jan 2020 05:17:48 GMT" time="73.440" errors="0">
  <testcase name="launchSafetyApp" time="73.440" classname="com.TestNGScript.file.SK_EventAction"/>
</testsuite> <!-- com.TestNGScript.file.SK_EventAction -->
