<?xml version="1.0" encoding="UTF-8"?>
<!-- Generated by org.testng.reporters.JUnitReportReporter -->
<testsuite skipped="0" hostname="Chandan" name="com.TestNGScript.file.SafetyKuvrrBroadcast" tests="1" failures="0" timestamp="12 Aug 2019 12:43:45 GMT" time="30.829" errors="0">
  <testcase name="launchSafetyApp" time="30.829" classname="com.TestNGScript.file.SafetyKuvrrBroadcast"/>
</testsuite> <!-- com.TestNGScript.file.SafetyKuvrrBroadcast -->
