<?xml version="1.0" encoding="UTF-8"?>
<!-- Generated by org.testng.reporters.JUnitReportReporter -->
<testsuite skipped="0" hostname="Chandan" name="com.TestNGScript.file.SK_LA_IssueVisitorPass" tests="1" failures="0" timestamp="27 Jan 2020 06:29:18 GMT" time="87.926" errors="0">
  <testcase name="launchSafetyApp" time="87.926" classname="com.TestNGScript.file.SK_LA_IssueVisitorPass"/>
</testsuite> <!-- com.TestNGScript.file.SK_LA_IssueVisitorPass -->
