<?xml version="1.0" encoding="UTF-8"?>
<!-- Generated by org.testng.reporters.JUnitReportReporter -->
<testsuite skipped="0" hostname="Chandan" name="com.TestNGScript.file.SK_Observer_OpenIncident" tests="1" failures="0" timestamp="30 Mar 2020 06:33:38 GMT" time="122.485" errors="0">
  <testcase name="launchSafetyApp" time="122.485" classname="com.TestNGScript.file.SK_Observer_OpenIncident"/>
</testsuite> <!-- com.TestNGScript.file.SK_Observer_OpenIncident -->
