<?xml version="1.0" encoding="UTF-8"?>
<!-- Generated by org.testng.reporters.JUnitReportReporter -->
<testsuite skipped="0" hostname="Chandan" name="com.TestNGScript.file.JDBC_SelectData" tests="1" failures="0" timestamp="15 Oct 2019 06:36:43 GMT" time="0.260" errors="0">
  <testcase name="testPostgresDB" time="0.260" classname="com.TestNGScript.file.JDBC_SelectData"/>
</testsuite> <!-- com.TestNGScript.file.JDBC_SelectData -->
