<?xml version="1.0" encoding="UTF-8"?>
<!-- Generated by org.testng.reporters.JUnitReportReporter -->
<testsuite skipped="0" hostname="Chandan" name="com.TestNGScript.file.SK_LA_Reports" tests="1" failures="0" timestamp="11 Jun 2020 07:44:03 GMT" time="117.605" errors="0">
  <testcase name="ManageTemplates" time="117.605" classname="com.TestNGScript.file.SK_LA_Reports"/>
</testsuite> <!-- com.TestNGScript.file.SK_LA_Reports -->
