<?xml version="1.0" encoding="UTF-8"?>
<!-- Generated by org.testng.reporters.JUnitReportReporter -->
<testsuite skipped="0" hostname="Chandan" name="com.TestNGScript.file.SK_Login" tests="3" failures="0" timestamp="28 Apr 2020 05:49:43 GMT" time="259.768" errors="0">
  <testcase name="loginSASafetyKuvrr" time="60.662" classname="com.TestNGScript.file.SK_Login"/>
  <testcase name="loginLASafetyKuvrr" time="91.303" classname="com.TestNGScript.file.SK_Login"/>
  <testcase name="loginObsSafetyKuvrr" time="107.803" classname="com.TestNGScript.file.SK_Login"/>
</testsuite> <!-- com.TestNGScript.file.SK_Login -->
