<?xml version="1.0" encoding="UTF-8"?>
<!-- Generated by org.testng.reporters.JUnitReportReporter -->
<testsuite skipped="0" hostname="Chandan" name="com.TestNGScript.file.SK_LA_VisitorPasses" tests="2" failures="0" timestamp="28 Mar 2020 05:10:46 GMT" time="244.586" errors="0">
  <testcase name="MangaeVisitorPasses" time="144.533" classname="com.TestNGScript.file.SK_LA_VisitorPasses"/>
  <testcase name="IssueVisitorPass" time="100.053" classname="com.TestNGScript.file.SK_LA_VisitorPasses"/>
</testsuite> <!-- com.TestNGScript.file.SK_LA_VisitorPasses -->
