<?xml version="1.0" encoding="UTF-8"?>
<!-- Generated by org.testng.reporters.JUnitReportReporter -->
<testsuite skipped="0" hostname="Chandan" name="com.TestNGScript.file.SafetyKuvrrOpenIncident" tests="1" failures="0" timestamp="07 Oct 2019 10:27:25 GMT" time="26.417" errors="0">
  <testcase name="launchSafetyApp" time="26.417" classname="com.TestNGScript.file.SafetyKuvrrOpenIncident"/>
</testsuite> <!-- com.TestNGScript.file.SafetyKuvrrOpenIncident -->
