<?xml version="1.0" encoding="UTF-8"?>
<!-- Generated by org.testng.reporters.JUnitReportReporter -->
<testsuite skipped="0" hostname="Chandan" name="com.TestNGScript.file.SK_911Incident" tests="1" failures="0" timestamp="27 Jan 2020 05:46:03 GMT" time="27.782" errors="0">
  <testcase name="launchSafetyApp" time="27.782" classname="com.TestNGScript.file.SK_911Incident"/>
</testsuite> <!-- com.TestNGScript.file.SK_911Incident -->
