<?xml version="1.0" encoding="UTF-8"?>
<!-- Generated by org.testng.reporters.JUnitReportReporter -->
<testsuite skipped="0" hostname="Chandan" name="com.TestNGScript.file.SK_LA_ManageVisitors" tests="1" failures="0" timestamp="27 Jan 2020 06:10:58 GMT" time="126.906" errors="0">
  <testcase name="launchSafetyApp" time="126.906" classname="com.TestNGScript.file.SK_LA_ManageVisitors"/>
</testsuite> <!-- com.TestNGScript.file.SK_LA_ManageVisitors -->
