<?xml version="1.0" encoding="UTF-8"?>
<!-- Generated by org.testng.reporters.JUnitReportReporter -->
<testsuite skipped="0" hostname="Chandan" name="com.TestNGScript.file.SK_LA_OpenIncident" tests="1" failures="0" timestamp="05 May 2020 08:03:28 GMT" time="121.394" errors="0">
  <testcase name="launchSafetyApp" time="121.394" classname="com.TestNGScript.file.SK_LA_OpenIncident"/>
</testsuite> <!-- com.TestNGScript.file.SK_LA_OpenIncident -->
