<?xml version="1.0" encoding="UTF-8"?>
<!-- Generated by org.testng.reporters.JUnitReportReporter -->
<testsuite skipped="0" hostname="Chandan" name="com.TestNGScript.file.SK_LA_EventResponsePlans" tests="1" failures="0" timestamp="29 Jun 2020 17:29:54 GMT" time="172.470" errors="0">
  <testcase name="ManageTemplates" time="172.470" classname="com.TestNGScript.file.SK_LA_EventResponsePlans"/>
</testsuite> <!-- com.TestNGScript.file.SK_LA_EventResponsePlans -->
