<?xml version="1.0" encoding="UTF-8"?>
<!-- Generated by org.testng.reporters.JUnitReportReporter -->
<testsuite skipped="0" hostname="Chandan" name="com.TestNGScript.file.SK_LA_MenuList" tests="1" failures="0" timestamp="28 Apr 2020 05:49:43 GMT" time="330.653" errors="0">
  <testcase name="launchSafetyApp" time="330.653" classname="com.TestNGScript.file.SK_LA_MenuList"/>
</testsuite> <!-- com.TestNGScript.file.SK_LA_MenuList -->
