<?xml version="1.0" encoding="UTF-8"?>
<!-- Generated by org.testng.reporters.JUnitReportReporter -->
<testsuite skipped="0" hostname="Chandan" name="com.TestNGScript.file.SK_LA_ManageTemplate" tests="1" failures="0" timestamp="05 May 2020 05:42:57 GMT" time="235.449" errors="0">
  <testcase name="ManageTemplates" time="235.449" classname="com.TestNGScript.file.SK_LA_ManageTemplate"/>
</testsuite> <!-- com.TestNGScript.file.SK_LA_ManageTemplate -->
