<?xml version="1.0" encoding="UTF-8"?>
<!-- Generated by org.testng.reporters.JUnitReportReporter -->
<testsuite skipped="0" hostname="Chandan" name="com.TestNGScript.file.SK_Login" tests="3" failures="0" timestamp="28 Nov 2019 05:47:13 GMT" time="70.071" errors="0">
  <testcase name="loginLASafetyKuvrr" time="21.135" classname="com.TestNGScript.file.SK_Login"/>
  <testcase name="loginSASafetyKuvrr" time="19.008" classname="com.TestNGScript.file.SK_Login"/>
  <testcase name="loginObsSafetyKuvrr" time="29.928" classname="com.TestNGScript.file.SK_Login"/>
</testsuite> <!-- com.TestNGScript.file.SK_Login -->
