<?xml version="1.0" encoding="UTF-8"?>
<!-- Generated by org.testng.reporters.JUnitReportReporter -->
<testsuite skipped="0" hostname="Chandan" name="com.TestNGScript.file.SK_LA_ManageTemplate" tests="1" failures="0" timestamp="28 Apr 2020 05:49:43 GMT" time="146.085" errors="0">
  <testcase name="ManageTemplates" time="146.085" classname="com.TestNGScript.file.SK_LA_ManageTemplate"/>
</testsuite> <!-- com.TestNGScript.file.SK_LA_ManageTemplate -->
