<?xml version="1.0" encoding="UTF-8"?>
<!-- Generated by org.testng.reporters.JUnitReportReporter -->
<testsuite skipped="0" hostname="Chandan" name="com.TestNGScript.file.SK_911Incident" tests="1" failures="0" timestamp="20 May 2020 09:00:50 GMT" time="71.643" errors="0">
  <testcase name="launchSafetyApp" time="71.643" classname="com.TestNGScript.file.SK_911Incident"/>
</testsuite> <!-- com.TestNGScript.file.SK_911Incident -->
