<?xml version="1.0" encoding="UTF-8"?>
<!-- Generated by org.testng.reporters.JUnitReportReporter -->
<testsuite skipped="0" hostname="Chandan" name="com.TestNGScript.file.JDBC_SelectAllTableData" tests="1" failures="0" timestamp="21 Oct 2019 09:12:05 GMT" time="0.240" errors="0">
  <testcase name="testPostgresDB" time="0.240" classname="com.TestNGScript.file.JDBC_SelectAllTableData"/>
</testsuite> <!-- com.TestNGScript.file.JDBC_SelectAllTableData -->
