<?xml version="1.0" encoding="UTF-8"?>
<!-- Generated by org.testng.reporters.JUnitReportReporter -->
<testsuite skipped="0" hostname="Chandan" name="com.TestNGScript.file.SK_LA_HomePage" tests="1" failures="0" timestamp="28 Mar 2020 05:10:46 GMT" time="117.728" errors="0">
  <testcase name="verifyReport" time="117.728" classname="com.TestNGScript.file.SK_LA_HomePage"/>
</testsuite> <!-- com.TestNGScript.file.SK_LA_HomePage -->
