<?xml version="1.0" encoding="UTF-8"?>
<!-- Generated by org.testng.reporters.JUnitReportReporter -->
<testsuite skipped="0" hostname="Chandan" name="com.TestNGScript.file.SafetyKuvrrHomePageMenu" tests="1" failures="0" timestamp="09 Aug 2019 13:33:13 GMT" time="44.423" errors="0">
  <testcase name="TestHambugerMenuClick" time="44.423" classname="com.TestNGScript.file.SafetyKuvrrHomePageMenu"/>
</testsuite> <!-- com.TestNGScript.file.SafetyKuvrrHomePageMenu -->
