<?xml version="1.0" encoding="UTF-8"?>
<!-- Generated by org.testng.reporters.JUnitReportReporter -->
<testsuite skipped="0" hostname="Chandan" name="com.TestNGScript.file.JDBC_InsertData" tests="1" failures="0" timestamp="15 Oct 2019 07:04:58 GMT" time="0.271" errors="0">
  <testcase name="testPostgresDB" time="0.271" classname="com.TestNGScript.file.JDBC_InsertData"/>
</testsuite> <!-- com.TestNGScript.file.JDBC_InsertData -->
