<?xml version="1.0" encoding="UTF-8"?>
<!-- Generated by org.testng.reporters.JUnitReportReporter -->
<testsuite skipped="0" hostname="Chandan" name="com.TestNGScript.file.SK_Broadcast" tests="2" failures="0" timestamp="26 Dec 2019 09:52:14 GMT" time="246.897" errors="0">
  <testcase name="testBroadcastLA" time="123.200" classname="com.TestNGScript.file.SK_Broadcast"/>
  <testcase name="testBroadcastObserver" time="123.697" classname="com.TestNGScript.file.SK_Broadcast"/>
</testsuite> <!-- com.TestNGScript.file.SK_Broadcast -->
