<?xml version="1.0" encoding="UTF-8"?>
<!-- Generated by org.testng.reporters.JUnitReportReporter -->
<testsuite skipped="0" hostname="Chandan" name="com.TestNGScript.file.SK_Broadcast" tests="2" failures="0" timestamp="13 Jan 2020 05:42:06 GMT" time="79.366" errors="0">
  <testcase name="testBroadcastLA" time="44.840" classname="com.TestNGScript.file.SK_Broadcast"/>
  <testcase name="testBroadcastObserver" time="34.526" classname="com.TestNGScript.file.SK_Broadcast"/>
</testsuite> <!-- com.TestNGScript.file.SK_Broadcast -->
