<?xml version="1.0" encoding="UTF-8"?>
<!-- Generated by org.testng.reporters.JUnitReportReporter -->
<testsuite skipped="0" hostname="Chandan" name="com.TestNGScript.file.SafetyKuvrrBroadcast" tests="1" failures="0" timestamp="07 Oct 2019 10:27:25 GMT" time="32.922" errors="0">
  <testcase name="launchSafetyApp" time="32.922" classname="com.TestNGScript.file.SafetyKuvrrBroadcast"/>
</testsuite> <!-- com.TestNGScript.file.SafetyKuvrrBroadcast -->
