<?xml version="1.0" encoding="UTF-8"?>
<!-- Generated by org.testng.reporters.JUnitReportReporter -->
<testsuite skipped="0" hostname="Chandan" name="com.TestNGScript.file.SafetyKuvrrCloseOpenIncident" tests="1" failures="0" timestamp="19 Nov 2019 05:50:44 GMT" time="110.428" errors="0">
  <testcase name="launchSafetyApp" time="110.428" classname="com.TestNGScript.file.SafetyKuvrrCloseOpenIncident"/>
</testsuite> <!-- com.TestNGScript.file.SafetyKuvrrCloseOpenIncident -->
