<?xml version="1.0" encoding="UTF-8"?>
<!-- Generated by org.testng.reporters.JUnitReportReporter -->
<testsuite skipped="0" hostname="Chandan" name="com.TestNGScript.file.SK_LA_CreateVisitorPassType" tests="1" failures="0" timestamp="31 Dec 2019 11:11:11 GMT" time="70.937" errors="0">
  <testcase name="launchSafetyApp" time="70.937" classname="com.TestNGScript.file.SK_LA_CreateVisitorPassType"/>
</testsuite> <!-- com.TestNGScript.file.SK_LA_CreateVisitorPassType -->
