<?xml version="1.0" encoding="UTF-8"?>
<!-- Generated by org.testng.reporters.JUnitReportReporter -->
<testsuite skipped="0" hostname="Chandan" name="com.TestNGScript.file.SafetyKuvrrOpenIncident" tests="1" failures="0" timestamp="27 Jul 2019 12:48:51 GMT" time="58.325" errors="0">
  <testcase name="launchSafetyApp" time="58.325" classname="com.TestNGScript.file.SafetyKuvrrOpenIncident"/>
</testsuite> <!-- com.TestNGScript.file.SafetyKuvrrOpenIncident -->
