<?xml version="1.0" encoding="UTF-8"?>
<!-- Generated by org.testng.reporters.JUnitReportReporter -->
<testsuite skipped="0" hostname="Chandan" name="com.TestNGScript.file.SK_Broadcast" tests="1" failures="0" timestamp="20 Nov 2019 12:58:39 GMT" time="55.637" errors="0">
  <testcase name="launchSafetyApp" time="55.637" classname="com.TestNGScript.file.SK_Broadcast"/>
</testsuite> <!-- com.TestNGScript.file.SK_Broadcast -->
