<?xml version="1.0" encoding="UTF-8"?>
<!-- Generated by org.testng.reporters.JUnitReportReporter -->
<testsuite skipped="0" hostname="Chandan" name="com.TestNGScript.file.SK_Observer_OpenIncident" tests="1" failures="0" timestamp="03 Apr 2020 06:36:58 GMT" time="62.450" errors="0">
  <testcase name="launchSafetyApp" time="62.450" classname="com.TestNGScript.file.SK_Observer_OpenIncident"/>
</testsuite> <!-- com.TestNGScript.file.SK_Observer_OpenIncident -->
