<?xml version="1.0" encoding="UTF-8"?>
<!-- Generated by org.testng.reporters.JUnitReportReporter -->
<testsuite skipped="0" hostname="Chandan" name="com.TestNGScript.file.SK_SA_OpenIncident" tests="1" failures="0" timestamp="03 Apr 2020 06:36:58 GMT" time="61.857" errors="0">
  <testcase name="launchSafetyApp" time="61.857" classname="com.TestNGScript.file.SK_SA_OpenIncident"/>
</testsuite> <!-- com.TestNGScript.file.SK_SA_OpenIncident -->
