<?xml version="1.0" encoding="UTF-8"?>
<!-- Generated by org.testng.reporters.JUnitReportReporter -->
<testsuite skipped="0" hostname="Chandan" name="com.TestNGScript.file.JDBC_CreateExpectedList" tests="1" failures="0" timestamp="22 Oct 2019 09:38:36 GMT" time="3.165" errors="0">
  <testcase name="testPostgresDB" time="3.165" classname="com.TestNGScript.file.JDBC_CreateExpectedList"/>
</testsuite> <!-- com.TestNGScript.file.JDBC_CreateExpectedList -->
