<?xml version="1.0" encoding="UTF-8"?>
<!-- Generated by org.testng.reporters.JUnitReportReporter -->
<testsuite skipped="0" hostname="Chandan" name="com.TestNGScript.file.SK_LA_HomePage" tests="1" failures="0" timestamp="30 Mar 2020 06:33:38 GMT" time="123.583" errors="0">
  <testcase name="verifyReport" time="123.583" classname="com.TestNGScript.file.SK_LA_HomePage"/>
</testsuite> <!-- com.TestNGScript.file.SK_LA_HomePage -->
